<?xml version="1.0" encoding="UTF-8"?>
<!-- Generated by org.testng.reporters.JUnitXMLReporter -->
<testsuite ignored="25" hostname="QT-INBG-LT0684" failures="0" tests="26" name="Automation-Exercise-Testng" time="471.291" errors="0" timestamp="2022-01-04T10:00:49 IST">
  <testcase classname="com.ae.tests.ScrollWithUpButtonTest" name="scrollWithUpButtonTest" time="0.288"/>
  <testcase classname="com.ae.tests.ScrollWithoutUpButtonTest" name="scrollWithOutUpButtonTest" time="0.164"/>
  <testcase classname="com.ae.tests.SearchProductVerifyInCartAloginTest" name="searchAndVefiryProductInCart" time="17.262"/>
  <testcase classname="com.ae.tests.ViewCartBrandProductsTest" name="viewCategoryProducts" time="10.162"/>
  <testcase classname="com.ae.tests.RemoveProductFromCartTest" name="registerUser" time="7.919"/>
  <testcase classname="com.ae.tests.AddProductsToCartTest" name="addProductTocart" time="16.507"/>
  <testcase classname="com.ae.tests.ProductsAndDetailsTest" name="verifyProductsDetails" time="5.745"/>
  <testcase classname="com.ae.tests.ReviewProductTest" name="reviewProducts" time="5.619"/>
  <testcase classname="com.ae.tests.ExistEmailRegistrationTest" name="existingEmailVeify" time="1.204"/>
  <testcase classname="com.ae.tests.InvalidLoginTest" name="invalidSignIn" time="2.786"/>
  <testcase classname="com.ae.tests.PORegisterBCheckOutTest" name="pORegisterBeforeCheckout" time="1.178"/>
  <testcase classname="com.ae.tests.ViewCategoryProductsTest" name="viewCategoryProducts" time="5.568"/>
  <testcase classname="com.ae.tests.VerifyTestCasesTest" name="verifyTestCases" time="0.523"/>
  <testcase classname="com.ae.tests.ContactUsFormTest" name="contactUs" time="8.626"/>
  <testcase classname="com.ae.tests.PORegisterWCheckOutTest" name="pORegisterWhileCheckout" time="12.722"/>
  <testcase classname="com.ae.tests.HomePageSubscriptionTest" name="verifingSubscription" time="0.231"/>
  <testcase classname="com.ae.tests.POLoginBCheckOutTest" name="pOLoginBeforeCheckout" time="20.195"/>
  <testcase classname="com.ae.tests.DownloadInvoiceTest" name="downloadInvoiceAPurchase" time="16.881"/>
  <testcase classname="com.ae.tests.SearchProductTest" name="verifyProductsDetails" time="3.879"/>
  <testcase classname="com.ae.tests.AddToCartFRecomendsTest" name="addProductTocart" time="73.304"/>
  <testcase classname="com.ae.tests.CartPageSubscriptionTest" name="verifyCartInSubscription" time="0.669"/>
  <testcase classname="com.ae.tests.LogOutUserTest" name="signInAndLogOut" time="4.586"/>
  <testcase classname="com.ae.tests.VerifyProductQuantityInCartTest" name="productQuantityIncart" time="3.071"/>
  <testcase classname="com.ae.tests.VerifyAdressInCheckOutPageTest" name="pOLoginBeforeCheckout" time="12.285"/>
  <testcase classname="com.ae.tests.RegisterTest" name="registerUser" time="1.073"/>
  <testcase classname="com.ae.tests.ValidLoginTest" name="validSignIn" time="4.271"/>
  <testcase classname="com.ae.qa.util.BaseTest" name="@BeforeSuite globalSetup" time="0.0">
    <ignored/>
  </testcase> <!-- @BeforeSuite globalSetup -->
  <testcase classname="com.ae.qa.util.BaseTest" name="@BeforeSuite globalSetup" time="0.0">
    <ignored/>
  </testcase> <!-- @BeforeSuite globalSetup -->
  <testcase classname="com.ae.qa.util.BaseTest" name="@BeforeSuite globalSetup" time="0.0">
    <ignored/>
  </testcase> <!-- @BeforeSuite globalSetup -->
  <testcase classname="com.ae.qa.util.BaseTest" name="@BeforeSuite globalSetup" time="0.0">
    <ignored/>
  </testcase> <!-- @BeforeSuite globalSetup -->
  <testcase classname="com.ae.qa.util.BaseTest" name="@BeforeSuite globalSetup" time="0.0">
    <ignored/>
  </testcase> <!-- @BeforeSuite globalSetup -->
  <testcase classname="com.ae.qa.util.BaseTest" name="@BeforeSuite globalSetup" time="0.0">
    <ignored/>
  </testcase> <!-- @BeforeSuite globalSetup -->
  <testcase classname="com.ae.qa.util.BaseTest" name="@BeforeSuite globalSetup" time="0.0">
    <ignored/>
  </testcase> <!-- @BeforeSuite globalSetup -->
  <testcase classname="com.ae.qa.util.BaseTest" name="@BeforeSuite globalSetup" time="0.0">
    <ignored/>
  </testcase> <!-- @BeforeSuite globalSetup -->
  <testcase classname="com.ae.qa.util.BaseTest" name="@BeforeSuite globalSetup" time="0.0">
    <ignored/>
  </testcase> <!-- @BeforeSuite globalSetup -->
  <testcase classname="com.ae.qa.util.BaseTest" name="@BeforeSuite globalSetup" time="0.0">
    <ignored/>
  </testcase> <!-- @BeforeSuite globalSetup -->
  <testcase classname="com.ae.qa.util.BaseTest" name="@BeforeSuite globalSetup" time="0.0">
    <ignored/>
  </testcase> <!-- @BeforeSuite globalSetup -->
  <testcase classname="com.ae.qa.util.BaseTest" name="@BeforeSuite globalSetup" time="0.0">
    <ignored/>
  </testcase> <!-- @BeforeSuite globalSetup -->
  <testcase classname="com.ae.qa.util.BaseTest" name="@BeforeSuite globalSetup" time="0.0">
    <ignored/>
  </testcase> <!-- @BeforeSuite globalSetup -->
  <testcase classname="com.ae.qa.util.BaseTest" name="@BeforeSuite globalSetup" time="0.0">
    <ignored/>
  </testcase> <!-- @BeforeSuite globalSetup -->
  <testcase classname="com.ae.qa.util.BaseTest" name="@BeforeSuite globalSetup" time="0.0">
    <ignored/>
  </testcase> <!-- @BeforeSuite globalSetup -->
  <testcase classname="com.ae.qa.util.BaseTest" name="@BeforeSuite globalSetup" time="0.0">
    <ignored/>
  </testcase> <!-- @BeforeSuite globalSetup -->
  <testcase classname="com.ae.qa.util.BaseTest" name="@BeforeSuite globalSetup" time="0.0">
    <ignored/>
  </testcase> <!-- @BeforeSuite globalSetup -->
  <testcase classname="com.ae.qa.util.BaseTest" name="@BeforeSuite globalSetup" time="0.0">
    <ignored/>
  </testcase> <!-- @BeforeSuite globalSetup -->
  <testcase classname="com.ae.qa.util.BaseTest" name="@BeforeSuite globalSetup" time="0.0">
    <ignored/>
  </testcase> <!-- @BeforeSuite globalSetup -->
  <testcase classname="com.ae.qa.util.BaseTest" name="@BeforeSuite globalSetup" time="0.0">
    <ignored/>
  </testcase> <!-- @BeforeSuite globalSetup -->
  <testcase classname="com.ae.qa.util.BaseTest" name="@BeforeSuite globalSetup" time="0.0">
    <ignored/>
  </testcase> <!-- @BeforeSuite globalSetup -->
  <testcase classname="com.ae.qa.util.BaseTest" name="@BeforeSuite globalSetup" time="0.0">
    <ignored/>
  </testcase> <!-- @BeforeSuite globalSetup -->
  <testcase classname="com.ae.qa.util.BaseTest" name="@BeforeSuite globalSetup" time="0.0">
    <ignored/>
  </testcase> <!-- @BeforeSuite globalSetup -->
  <testcase classname="com.ae.qa.util.BaseTest" name="@BeforeSuite globalSetup" time="0.0">
    <ignored/>
  </testcase> <!-- @BeforeSuite globalSetup -->
  <testcase classname="com.ae.qa.util.BaseTest" name="@BeforeSuite globalSetup" time="0.0">
    <ignored/>
  </testcase> <!-- @BeforeSuite globalSetup -->
</testsuite> <!-- Automation-Exercise-Testng -->
