<?xml version="1.0" encoding="UTF-8"?>
<!-- Generated by org.testng.reporters.JUnitXMLReporter -->
<testsuite ignored="9" hostname="QT-INBG-LT0684" failures="0" tests="10" name="Automation_Exercise_Testng" time="71.194" errors="0" timestamp="2021-12-23T13:55:46 IST">
  <testcase classname="com.ae.tests.VerifyTestCasesTest" name="verifyTestCases" time="2.412"/>
  <testcase classname="com.ae.tests.ExistEmailRegistrationTest" name="existingEmailVeify" time="4.863"/>
  <testcase classname="com.ae.tests.ProductsAndDetailsTest" name="verifyProductsDetails" time="6.437"/>
  <testcase classname="com.ae.tests.LogOutUserTest" name="signInAndLogOut" time="9.334"/>
  <testcase classname="com.ae.tests.ContactUsFormTest" name="contactUs" time="16.286"/>
  <testcase classname="com.ae.tests.InvalidLoginTest" name="invalidSignIn" time="3.948"/>
  <testcase classname="com.ae.tests.RegisterTest" name="registerUser" time="6.639"/>
  <testcase classname="com.ae.tests.VerifySubscriptionTest" name="verifingSubscription" time="0.69"/>
  <testcase classname="com.ae.tests.SearchProductTest" name="verifyProductsDetails" time="6.013"/>
  <testcase classname="com.ae.tests.ValidLoginTest" name="validSignIn" time="15.468"/>
  <testcase classname="com.ae.qa.util.BaseTest" name="@BeforeSuite globalSetup" time="0.0">
    <ignored/>
  </testcase> <!-- @BeforeSuite globalSetup -->
  <testcase classname="com.ae.qa.util.BaseTest" name="@BeforeSuite globalSetup" time="0.0">
    <ignored/>
  </testcase> <!-- @BeforeSuite globalSetup -->
  <testcase classname="com.ae.qa.util.BaseTest" name="@BeforeSuite globalSetup" time="0.0">
    <ignored/>
  </testcase> <!-- @BeforeSuite globalSetup -->
  <testcase classname="com.ae.qa.util.BaseTest" name="@BeforeSuite globalSetup" time="0.0">
    <ignored/>
  </testcase> <!-- @BeforeSuite globalSetup -->
  <testcase classname="com.ae.qa.util.BaseTest" name="@BeforeSuite globalSetup" time="0.0">
    <ignored/>
  </testcase> <!-- @BeforeSuite globalSetup -->
  <testcase classname="com.ae.qa.util.BaseTest" name="@BeforeSuite globalSetup" time="0.0">
    <ignored/>
  </testcase> <!-- @BeforeSuite globalSetup -->
  <testcase classname="com.ae.qa.util.BaseTest" name="@BeforeSuite globalSetup" time="0.0">
    <ignored/>
  </testcase> <!-- @BeforeSuite globalSetup -->
  <testcase classname="com.ae.qa.util.BaseTest" name="@BeforeSuite globalSetup" time="0.0">
    <ignored/>
  </testcase> <!-- @BeforeSuite globalSetup -->
  <testcase classname="com.ae.qa.util.BaseTest" name="@BeforeSuite globalSetup" time="0.0">
    <ignored/>
  </testcase> <!-- @BeforeSuite globalSetup -->
</testsuite> <!-- Automation_Exercise_Testng -->
