<?xml version="1.0" encoding="UTF-8"?>
<!-- Generated by org.testng.reporters.JUnitXMLReporter -->
<testsuite ignored="3" hostname="QT-INBG-LT0684" failures="0" tests="4" name="Automation_Exercise" time="34.702" errors="0" timestamp="2021-12-22T13:59:14 IST">
  <testcase classname="com.ae.tests.InvalidLoginTest" name="validSignIn" time="3.703"/>
  <testcase classname="com.ae.tests.RegisterTest" name="registerUser" time="2.829"/>
  <testcase classname="com.ae.tests.ValidLoginTest" name="validSignIn" time="6.676"/>
  <testcase classname="com.ae.tests.LogOutUserTest" name="signInAndLogOut" time="7.472"/>
  <testcase classname="com.ae.qa.util.BaseTest" name="@BeforeSuite globalSetup" time="0.0">
    <ignored/>
  </testcase> <!-- @BeforeSuite globalSetup -->
  <testcase classname="com.ae.qa.util.BaseTest" name="@BeforeSuite globalSetup" time="0.0">
    <ignored/>
  </testcase> <!-- @BeforeSuite globalSetup -->
  <testcase classname="com.ae.qa.util.BaseTest" name="@BeforeSuite globalSetup" time="0.0">
    <ignored/>
  </testcase> <!-- @BeforeSuite globalSetup -->
</testsuite> <!-- Automation_Exercise -->
