<?xml version="1.0" encoding="UTF-8"?>
<!-- Generated by org.testng.reporters.JUnitXMLReporter -->
<testsuite ignored="22" hostname="QT-INBG-LT0684" failures="0" tests="23" name="TestNg-Automation Exercises" time="610.084" errors="0" timestamp="2021-12-31T14:27:27 IST">
  <testcase classname="com.ae.tests.ViewCategoryProductsTest" name="viewCategoryProducts" time="5.91"/>
  <testcase classname="com.ae.tests.VerifyTestCasesTest" name="verifyTestCases" time="1.471"/>
  <testcase classname="com.ae.tests.ContactUsFormTest" name="contactUs" time="15.945"/>
  <testcase classname="com.ae.tests.SearchProductVerifyInCartAloginTest" name="searchAndVefiryProductInCart" time="18.51"/>
  <testcase classname="com.ae.tests.PORegisterWCheckOutTest" name="pORegisterWhileCheckout" time="17.73"/>
  <testcase classname="com.ae.tests.ViewCartBrandProductsTest" name="viewCategoryProducts" time="9.562"/>
  <testcase classname="com.ae.tests.HomePageSubscriptionTest" name="verifingSubscription" time="0.24"/>
  <testcase classname="com.ae.tests.RemoveProductFromCartTest" name="registerUser" time="7.737"/>
  <testcase classname="com.ae.tests.POLoginBCheckOutTest" name="pOLoginBeforeCheckout" time="28.171"/>
  <testcase classname="com.ae.tests.DownloadInvoiceTest" name="downloadInvoiceAPurchase" time="12.794"/>
  <testcase classname="com.ae.tests.AddProductsToCartTest" name="addProductTocart" time="11.716"/>
  <testcase classname="com.ae.tests.SearchProductTest" name="verifyProductsDetails" time="5.229"/>
  <testcase classname="com.ae.tests.AddToCartFRecomendsTest" name="addProductTocart" time="209.843"/>
  <testcase classname="com.ae.tests.CartPageSubscriptionTest" name="verifyCartInSubscription" time="0.731"/>
  <testcase classname="com.ae.tests.LogOutUserTest" name="signInAndLogOut" time="4.25"/>
  <testcase classname="com.ae.tests.VerifyProductQuantityInCartTest" name="productQuantityIncart" time="3.157"/>
  <testcase classname="com.ae.tests.ProductsAndDetailsTest" name="verifyProductsDetails" time="3.825"/>
  <testcase classname="com.ae.tests.ReviewProductTest" name="reviewProducts" time="6.047"/>
  <testcase classname="com.ae.tests.ExistEmailRegistrationTest" name="existingEmailVeify" time="1.17"/>
  <testcase classname="com.ae.tests.InvalidLoginTest" name="invalidSignIn" time="1.179"/>
  <testcase classname="com.ae.tests.RegisterTest" name="registerUser" time="1.139"/>
  <testcase classname="com.ae.tests.PORegisterBCheckOutTest" name="pORegisterBeforeCheckout" time="1.116"/>
  <testcase classname="com.ae.tests.ValidLoginTest" name="validSignIn" time="7.933"/>
  <testcase classname="com.ae.qa.util.BaseTest" name="@BeforeSuite globalSetup" time="0.0">
    <ignored/>
  </testcase> <!-- @BeforeSuite globalSetup -->
  <testcase classname="com.ae.qa.util.BaseTest" name="@BeforeSuite globalSetup" time="0.0">
    <ignored/>
  </testcase> <!-- @BeforeSuite globalSetup -->
  <testcase classname="com.ae.qa.util.BaseTest" name="@BeforeSuite globalSetup" time="0.0">
    <ignored/>
  </testcase> <!-- @BeforeSuite globalSetup -->
  <testcase classname="com.ae.qa.util.BaseTest" name="@BeforeSuite globalSetup" time="0.0">
    <ignored/>
  </testcase> <!-- @BeforeSuite globalSetup -->
  <testcase classname="com.ae.qa.util.BaseTest" name="@BeforeSuite globalSetup" time="0.0">
    <ignored/>
  </testcase> <!-- @BeforeSuite globalSetup -->
  <testcase classname="com.ae.qa.util.BaseTest" name="@BeforeSuite globalSetup" time="0.0">
    <ignored/>
  </testcase> <!-- @BeforeSuite globalSetup -->
  <testcase classname="com.ae.qa.util.BaseTest" name="@BeforeSuite globalSetup" time="0.0">
    <ignored/>
  </testcase> <!-- @BeforeSuite globalSetup -->
  <testcase classname="com.ae.qa.util.BaseTest" name="@BeforeSuite globalSetup" time="0.0">
    <ignored/>
  </testcase> <!-- @BeforeSuite globalSetup -->
  <testcase classname="com.ae.qa.util.BaseTest" name="@BeforeSuite globalSetup" time="0.0">
    <ignored/>
  </testcase> <!-- @BeforeSuite globalSetup -->
  <testcase classname="com.ae.qa.util.BaseTest" name="@BeforeSuite globalSetup" time="0.0">
    <ignored/>
  </testcase> <!-- @BeforeSuite globalSetup -->
  <testcase classname="com.ae.qa.util.BaseTest" name="@BeforeSuite globalSetup" time="0.0">
    <ignored/>
  </testcase> <!-- @BeforeSuite globalSetup -->
  <testcase classname="com.ae.qa.util.BaseTest" name="@BeforeSuite globalSetup" time="0.0">
    <ignored/>
  </testcase> <!-- @BeforeSuite globalSetup -->
  <testcase classname="com.ae.qa.util.BaseTest" name="@BeforeSuite globalSetup" time="0.0">
    <ignored/>
  </testcase> <!-- @BeforeSuite globalSetup -->
  <testcase classname="com.ae.qa.util.BaseTest" name="@BeforeSuite globalSetup" time="0.0">
    <ignored/>
  </testcase> <!-- @BeforeSuite globalSetup -->
  <testcase classname="com.ae.qa.util.BaseTest" name="@BeforeSuite globalSetup" time="0.0">
    <ignored/>
  </testcase> <!-- @BeforeSuite globalSetup -->
  <testcase classname="com.ae.qa.util.BaseTest" name="@BeforeSuite globalSetup" time="0.0">
    <ignored/>
  </testcase> <!-- @BeforeSuite globalSetup -->
  <testcase classname="com.ae.qa.util.BaseTest" name="@BeforeSuite globalSetup" time="0.0">
    <ignored/>
  </testcase> <!-- @BeforeSuite globalSetup -->
  <testcase classname="com.ae.qa.util.BaseTest" name="@BeforeSuite globalSetup" time="0.0">
    <ignored/>
  </testcase> <!-- @BeforeSuite globalSetup -->
  <testcase classname="com.ae.qa.util.BaseTest" name="@BeforeSuite globalSetup" time="0.0">
    <ignored/>
  </testcase> <!-- @BeforeSuite globalSetup -->
  <testcase classname="com.ae.qa.util.BaseTest" name="@BeforeSuite globalSetup" time="0.0">
    <ignored/>
  </testcase> <!-- @BeforeSuite globalSetup -->
  <testcase classname="com.ae.qa.util.BaseTest" name="@BeforeSuite globalSetup" time="0.0">
    <ignored/>
  </testcase> <!-- @BeforeSuite globalSetup -->
  <testcase classname="com.ae.qa.util.BaseTest" name="@BeforeSuite globalSetup" time="0.0">
    <ignored/>
  </testcase> <!-- @BeforeSuite globalSetup -->
</testsuite> <!-- TestNg-Automation Exercises -->
