<?xml version="1.0" encoding="UTF-8"?>
<!-- Generated by org.testng.reporters.JUnitXMLReporter -->
<testsuite ignored="3" hostname="QT-INBG-LT0684" failures="0" tests="4" name="Test" time="46.414" errors="0" timestamp="2021-12-22T13:45:09 IST">
  <testcase classname="com.ae.tests.LogOutUser" name="signInAndLogOut" time="4.822"/>
  <testcase classname="com.ae.tests.RegisterTest" name="registerUser" time="1.174"/>
  <testcase classname="com.ae.tests.InvalidLogin" name="validSignIn" time="1.169"/>
  <testcase classname="com.ae.tests.ValidLoginTest" name="validSignIn" time="4.248"/>
  <testcase classname="com.ae.qa.util.BaseTest" name="@BeforeSuite globalSetup" time="0.0">
    <ignored/>
  </testcase> <!-- @BeforeSuite globalSetup -->
  <testcase classname="com.ae.qa.util.BaseTest" name="@BeforeSuite globalSetup" time="0.0">
    <ignored/>
  </testcase> <!-- @BeforeSuite globalSetup -->
  <testcase classname="com.ae.qa.util.BaseTest" name="@BeforeSuite globalSetup" time="0.0">
    <ignored/>
  </testcase> <!-- @BeforeSuite globalSetup -->
</testsuite> <!-- Test -->
