<?xml version="1.0" encoding="UTF-8"?>
<testng-results ignored="0" total="1" passed="1" failed="0" skipped="0">
  <reporter-output>
  </reporter-output>
  <suite started-at="2021-12-30T08:54:04 IST" name="Default suite" finished-at="2021-12-30T08:54:18 IST" duration-ms="14304">
    <groups>
    </groups>
    <test started-at="2021-12-30T08:54:04 IST" name="Default test" finished-at="2021-12-30T08:54:18 IST" duration-ms="14304">
      <class name="com.ae.tests.InvalidLoginTest">
        <test-method is-config="true" signature="globalSetup()[pri:0, instance:com.ae.tests.InvalidLoginTest@4659191b]" started-at="2021-12-30T08:54:03 IST" name="globalSetup" finished-at="2021-12-30T08:54:04 IST" duration-ms="1154" status="PASS">
          <reporter-output>
          </reporter-output>
        </test-method> <!-- globalSetup -->
        <test-method is-config="true" signature="setup()[pri:0, instance:com.ae.tests.InvalidLoginTest@4659191b]" started-at="2021-12-30T08:54:04 IST" name="setup" finished-at="2021-12-30T08:54:17 IST" duration-ms="12741" status="PASS">
          <reporter-output>
          </reporter-output>
        </test-method> <!-- setup -->
        <test-method signature="invalidSignIn()[pri:0, instance:com.ae.tests.InvalidLoginTest@4659191b]" started-at="2021-12-30T08:54:17 IST" name="invalidSignIn" finished-at="2021-12-30T08:54:18 IST" duration-ms="1174" status="PASS">
          <reporter-output>
          </reporter-output>
        </test-method> <!-- invalidSignIn -->
        <test-method is-config="true" signature="wrapUp()[pri:0, instance:com.ae.tests.InvalidLoginTest@4659191b]" started-at="2021-12-30T08:54:18 IST" name="wrapUp" finished-at="2021-12-30T08:54:18 IST" duration-ms="339" status="PASS">
          <reporter-output>
          </reporter-output>
        </test-method> <!-- wrapUp -->
      </class> <!-- com.ae.tests.InvalidLoginTest -->
    </test> <!-- Default test -->
  </suite> <!-- Default suite -->
</testng-results>
